[02/04/22, 07:15:34:366] info: 
╔═════════════════════════════════════════════════════╗
║      Slack 4.23.0, linux 5.16.5-arch1-1 on x64      ║
╚═════════════════════════════════════════════════════╝ 
[02/04/22, 07:15:34:366] info: Configured logger via 
{
  "enableConsoleTransport": true,
  "identifierOverride": "webapp-auth-console",
  "shouldUseNewBackend": false,
  "loggerInstanceCount": 4
}
[02/04/22, 07:15:34:367] info: Predefined values for process 
{
  "NODE_ENV": "production",
  "platform": "linux",
  "type": "browser",
  "timeZone": "Europe/Zagreb",
  "PACKAGE_MANIFEST.productName": "Slack",
  "PACKAGE_MANIFEST.version": "4.23.0",
  "PACKAGE_MANIFEST.commit": "8c4b013",
  "PACKAGE_MANIFEST.branch": "HEAD"
}
