00:00:00.009416 main     VirtualBox XPCOM Server 6.1.32 r149290 linux.amd64 (Jan 18 2022 20:32:19) release log
00:00:00.009419 main     Log opened 2022-02-05T13:29:36.476615000Z
00:00:00.009419 main     Build Type: release
00:00:00.009425 main     OS Product: Linux
00:00:00.009426 main     OS Release: 5.16.5-arch1-1
00:00:00.009427 main     OS Version: #1 SMP PREEMPT Tue, 01 Feb 2022 21:42:50 +0000
00:00:00.009446 main     DMI Product Name: 10TV003MCR
00:00:00.009451 main     DMI Product Version: V530-15ICB
00:00:00.009454 main     Firmware type: UEFI
00:00:00.010291 main     Secure Boot: Disabled
00:00:00.010326 main     Host RAM: 31992MB (31.2GB) total, 28267MB (27.6GB) available
00:00:00.010328 main     Executable: /usr/lib/virtualbox/VBoxSVC
00:00:00.010328 main     Process ID: 147098
00:00:00.010329 main     Package type: LINUX_64BITS_GENERIC (OSE)
00:00:00.011670 main     IPC socket path: /tmp/.vbox-msb-ipc/ipcd
00:00:00.117814 nspr-2   VirtualBox: object creation starts
00:00:00.117868 nspr-2   Home directory: '/home/msb/.config/VirtualBox'
00:00:00.126119 nspr-2   Loading settings file "/home/msb/.config/VirtualBox/VirtualBox.xml" with version "1.12-linux"
00:00:00.168397 nspr-2   NetIfAdpCtlOut: VBoxNetAdpCtl: Error while retrieving link status for wlp0s20f0u6: VBoxNetAdpCtl: ioctl failed: Operation not supported
00:00:00.169024 nspr-2   HostDnsMonitor: initializing
00:00:00.169269 nspr-2   NAT: resolv.conf: nameserver 192.168.5.1
00:00:00.169280 nspr-2   HostDnsMonitor: updating information
00:00:00.169288 nspr-2   HostDnsMonitor: old information
00:00:00.169290 nspr-2     no server entries
00:00:00.169292 nspr-2     no domain set
00:00:00.169293 nspr-2     no search string entries
00:00:00.169295 nspr-2   HostDnsMonitor: new information
00:00:00.169296 nspr-2     server 1: 192.168.5.1
00:00:00.169299 nspr-2     domain: Home
00:00:00.169300 nspr-2     search string 1: Home
00:00:00.173195 nspr-2   VD: VDInit finished with VINF_SUCCESS
00:00:00.205344 nspr-2   Loading settings file "/home/msb/VirtualBox VMs/WinDev2112Eval/WinDev2112Eval.vbox" with version "1.17-linux"
00:00:00.206240 nspr-2   VirtualBox: object created
00:00:01.568680 nspr-3   WARNING [COM]: aRC=NS_ERROR_FAILURE (0x80004005) aIID={16ced992-5fdc-4aba-aff5-6a39bbd7c38b} aComponent={HostWrap} aText={VirtualBox is not currently allowed to access USB devices.  You can change this by adding your user to the 'vboxusers' group.  Please see the user manual for a more detailed explanation}, preserve=true  aResultDetail=0
00:00:01.759220 nspr-5   WARNING [COM]: aRC=NS_ERROR_FAILURE (0x80004005) aIID={16ced992-5fdc-4aba-aff5-6a39bbd7c38b} aComponent={HostWrap} aText={VirtualBox is not currently allowed to access USB devices.  You can change this by adding your user to the 'vboxusers' group.  Please see the user manual for a more detailed explanation}, preserve=true  aResultDetail=0
00:00:01.759987 nspr-4   WARNING [COM]: aRC=NS_ERROR_FAILURE (0x80004005) aIID={16ced992-5fdc-4aba-aff5-6a39bbd7c38b} aComponent={HostWrap} aText={VirtualBox is not currently allowed to access USB devices.  You can change this by adding your user to the 'vboxusers' group.  Please see the user manual for a more detailed explanation}, preserve=true  aResultDetail=0
00:00:16.017100 nspr-5   Launched VM: 67117072 pid: 150796 (0x24d0c) frontend: GUI/Qt name: WinDev2112Eval
00:00:16.072859 nspr-4   WARNING [COM]: aRC=NS_ERROR_FAILURE (0x80004005) aIID={16ced992-5fdc-4aba-aff5-6a39bbd7c38b} aComponent={HostWrap} aText={VirtualBox is not currently allowed to access USB devices.  You can change this by adding your user to the 'vboxusers' group.  Please see the user manual for a more detailed explanation}, preserve=true  aResultDetail=0
00:00:16.073828 nspr-4   WARNING [COM]: aRC=NS_ERROR_FAILURE (0x80004005) aIID={16ced992-5fdc-4aba-aff5-6a39bbd7c38b} aComponent={HostWrap} aText={VirtualBox is not currently allowed to access USB devices.  You can change this by adding your user to the 'vboxusers' group.  Please see the user manual for a more detailed explanation}, preserve=true  aResultDetail=0
00:00:16.252312 nspr-5   WARNING [COM]: aRC=NS_ERROR_FAILURE (0x80004005) aIID={16ced992-5fdc-4aba-aff5-6a39bbd7c38b} aComponent={HostWrap} aText={VirtualBox is not currently allowed to access USB devices.  You can change this by adding your user to the 'vboxusers' group.  Please see the user manual for a more detailed explanation}, preserve=true  aResultDetail=0
00:00:16.253230 nspr-5   WARNING [COM]: aRC=NS_ERROR_FAILURE (0x80004005) aIID={16ced992-5fdc-4aba-aff5-6a39bbd7c38b} aComponent={HostWrap} aText={VirtualBox is not currently allowed to access USB devices.  You can change this by adding your user to the 'vboxusers' group.  Please see the user manual for a more detailed explanation}, preserve=true  aResultDetail=0
00:00:16.730776 nspr-5   WARNING [COM]: aRC=NS_ERROR_FAILURE (0x80004005) aIID={16ced992-5fdc-4aba-aff5-6a39bbd7c38b} aComponent={HostWrap} aText={VirtualBox is not currently allowed to access USB devices.  You can change this by adding your user to the 'vboxusers' group.  Please see the user manual for a more detailed explanation}, preserve=true  aResultDetail=0
00:00:16.731408 nspr-4   WARNING [COM]: aRC=NS_ERROR_FAILURE (0x80004005) aIID={16ced992-5fdc-4aba-aff5-6a39bbd7c38b} aComponent={HostWrap} aText={VirtualBox is not currently allowed to access USB devices.  You can change this by adding your user to the 'vboxusers' group.  Please see the user manual for a more detailed explanation}, preserve=true  aResultDetail=0
00:00:16.731587 nspr-4   ERROR [COM]: aRC=VBOX_E_OBJECT_NOT_FOUND (0x80bb0001) aIID={70401eef-c8e9-466b-9660-45cb3e9979e4} aComponent={ExtPackManagerWrap} aText={No extension pack by the name 'Oracle VM VirtualBox Extension Pack' was found}, preserve=false aResultDetail=0
00:00:16.788362 nspr-5   WARNING [COM]: aRC=NS_ERROR_FAILURE (0x80004005) aIID={16ced992-5fdc-4aba-aff5-6a39bbd7c38b} aComponent={HostWrap} aText={VirtualBox is not currently allowed to access USB devices.  You can change this by adding your user to the 'vboxusers' group.  Please see the user manual for a more detailed explanation}, preserve=true  aResultDetail=0
00:00:16.789464 nspr-6   WARNING [COM]: aRC=NS_ERROR_FAILURE (0x80004005) aIID={16ced992-5fdc-4aba-aff5-6a39bbd7c38b} aComponent={HostWrap} aText={VirtualBox is not currently allowed to access USB devices.  You can change this by adding your user to the 'vboxusers' group.  Please see the user manual for a more detailed explanation}, preserve=true  aResultDetail=0
00:00:16.817823 nspr-6   ERROR [COM]: aRC=VBOX_E_IPRT_ERROR (0x80bb0005) aIID={85632c68-b5bb-4316-a900-5eb28d3413df} aComponent={SessionMachine} aText={Saved screenshot data is not available (VERR_NOT_SUPPORTED)}, preserve=false aResultDetail=-37
00:00:16.840684 nspr-6   NetIfAdpCtlOut: VBoxNetAdpCtl: Error while retrieving link status for wlp0s20f0u6: VBoxNetAdpCtl: ioctl failed: Operation not supported
00:00:16.943338 nspr-6   WARNING [COM]: aRC=NS_ERROR_FAILURE (0x80004005) aIID={16ced992-5fdc-4aba-aff5-6a39bbd7c38b} aComponent={HostWrap} aText={VirtualBox is not currently allowed to access USB devices.  You can change this by adding your user to the 'vboxusers' group.  Please see the user manual for a more detailed explanation}, preserve=true  aResultDetail=0
00:00:16.945206 nspr-6   WARNING [COM]: aRC=NS_ERROR_FAILURE (0x80004005) aIID={16ced992-5fdc-4aba-aff5-6a39bbd7c38b} aComponent={HostWrap} aText={VirtualBox is not currently allowed to access USB devices.  You can change this by adding your user to the 'vboxusers' group.  Please see the user manual for a more detailed explanation}, preserve=true  aResultDetail=0
00:00:17.020597 nspr-6   WARNING [COM]: aRC=NS_ERROR_FAILURE (0x80004005) aIID={16ced992-5fdc-4aba-aff5-6a39bbd7c38b} aComponent={HostWrap} aText={VirtualBox is not currently allowed to access USB devices.  You can change this by adding your user to the 'vboxusers' group.  Please see the user manual for a more detailed explanation}, preserve=true  aResultDetail=0
00:00:17.859668 nspr-2   WARNING [COM]: aRC=NS_ERROR_FAILURE (0x80004005) aIID={16ced992-5fdc-4aba-aff5-6a39bbd7c38b} aComponent={HostWrap} aText={VirtualBox is not currently allowed to access USB devices.  You can change this by adding your user to the 'vboxusers' group.  Please see the user manual for a more detailed explanation}, preserve=true  aResultDetail=0
00:00:17.860374 nspr-2   WARNING [COM]: aRC=NS_ERROR_FAILURE (0x80004005) aIID={16ced992-5fdc-4aba-aff5-6a39bbd7c38b} aComponent={HostWrap} aText={VirtualBox is not currently allowed to access USB devices.  You can change this by adding your user to the 'vboxusers' group.  Please see the user manual for a more detailed explanation}, preserve=true  aResultDetail=0
00:00:33.212090 nspr-5   Saving settings file "/home/msb/.config/VirtualBox/VirtualBox.xml" with version "1.12-linux"
00:00:33.340457 nspr-4   Saving settings file "/home/msb/.config/VirtualBox/VirtualBox.xml" with version "1.12-linux"
00:00:52.698690 nspr-3   Saving settings file "/home/msb/.config/VirtualBox/VirtualBox.xml" with version "1.12-linux"
00:00:53.426495 nspr-3   Saving settings file "/home/msb/.config/VirtualBox/VirtualBox.xml" with version "1.12-linux"
00:14:16.248117 nspr-3   Saving settings file "/home/msb/VirtualBox VMs/WinDev2112Eval/WinDev2112Eval.vbox" with version "1.17-linux"
00:14:21.958900 main     VirtualBox: object deletion starts
00:14:21.958932 main     ERROR [COM]: aRC=VBOX_E_OBJECT_IN_USE (0x80bb000c) aIID={ad47ad09-787b-44ab-b343-a082a3f2dfb1} aComponent={MediumWrap} aText={Medium '/home/msb/VirtualBox VMs/WinDev2112Eval/WinDev2112Eval-disk001.vdi' cannot be closed because it is still attached to 1 virtual machines}, preserve=false aResultDetail=0
00:14:21.959216 main     HostDnsMonitor: shutting down ...
00:14:21.973812 main     HostDnsMonitor: shut down
00:14:22.252693 Watcher  ERROR [COM]: aRC=E_ACCESSDENIED (0x80070005) aIID={d0a0163f-e254-4e5b-a1f2-011cf991c38d} aComponent={VirtualBoxWrap} aText={The object is not ready}, preserve=false aResultDetail=0
00:14:26.973926 main     {00007fe508018b70} HostPowerServiceLinux::~HostPowerServiceLinux: RTThreadWait() for 5000 ms failed with VERR_TIMEOUT
00:14:26.974218 main     VirtualBox: object deleted
